This is XeTeX, Version 3.1415926-2.2-0.999.7 (MiKTeX 2.7) (preloaded format=xelatex 2010.1.7)  19 JUL 2011 10:05
entering extended mode
**build/latex/sphinxdoc.tex
(build/latex/sphinxdoc.tex
LaTeX2e <2005/12/01>
Babel <v3.8l> and hyphenation patterns for english, dumylang, nohyphenation, ge
rman, ngerman, german-x-2008-06-18, ngerman-x-2008-06-18, french, loaded.

! LaTeX Error: File `sphinxmanual.cls' not found.

Type X to quit or <RETURN> to proceed,
or enter new name. (Default extension: cls)

Enter file name: 
! Emergency stop.
<read *> 
         
l.4 \usepackage
               [utf8]{inputenc}^^M
End of file on the terminal!

 
Here is how much of TeX's memory you used:
 12 strings out of 30453
 184 string characters out of 1190202
 45106 words of memory out of 1500000
 3253 multiletter control sequences out of 110000
 3640 words of font info for 14 fonts, out of 3000000 for 5000
 14 hyphenation exceptions out of 8191
 10i,0n,7p,82b,8s stack positions out of 5000i,500n,10000p,200000b,50000s
No pages of output.
